  EditorState.cpp
  Game.cpp
  GameState.cpp
  Gui.cpp
D:\Aljaž\Documents\SFML Type Shit\RoguelikeGame\RoguelikeGame\Gui.cpp(157,5): warning C4267: 'argument': conversion from 'size_t' to 'unsigned short', possible loss of data
D:\Aljaž\Documents\SFML Type Shit\RoguelikeGame\RoguelikeGame\Gui.cpp(250,116): warning C4244: 'argument': conversion from 'T' to 'T', possible loss of data
          with
          [
              T=float
          ]
          and
          [
              T=int
          ]
D:\Aljaž\Documents\SFML Type Shit\RoguelikeGame\RoguelikeGame\Gui.cpp(250,78): warning C4244: 'argument': conversion from 'T' to 'T', possible loss of data
          with
          [
              T=float
          ]
          and
          [
              T=int
          ]
D:\Aljaž\Documents\SFML Type Shit\RoguelikeGame\RoguelikeGame\Gui.cpp(254,116): warning C4244: 'argument': conversion from 'T' to 'T', possible loss of data
          with
          [
              T=float
          ]
          and
          [
              T=int
          ]
D:\Aljaž\Documents\SFML Type Shit\RoguelikeGame\RoguelikeGame\Gui.cpp(254,78): warning C4244: 'argument': conversion from 'T' to 'T', possible loss of data
          with
          [
              T=float
          ]
          and
          [
              T=int
          ]
  MainMenuState.cpp
D:\Aljaž\Documents\SFML Type Shit\RoguelikeGame\RoguelikeGame\MainMenuState.cpp(48,96): warning C4244: 'argument': conversion from 'T' to 'float', possible loss of data
          with
          [
              T=unsigned int
          ]
D:\Aljaž\Documents\SFML Type Shit\RoguelikeGame\RoguelikeGame\MainMenuState.cpp(48,33): warning C4244: 'argument': conversion from 'T' to 'float', possible loss of data
          with
          [
              T=unsigned int
          ]
D:\Aljaž\Documents\SFML Type Shit\RoguelikeGame\RoguelikeGame\MainMenuState.cpp(55,96): warning C4244: 'argument': conversion from 'T' to 'float', possible loss of data
          with
          [
              T=unsigned int
          ]
D:\Aljaž\Documents\SFML Type Shit\RoguelikeGame\RoguelikeGame\MainMenuState.cpp(55,33): warning C4244: 'argument': conversion from 'T' to 'float', possible loss of data
          with
          [
              T=unsigned int
          ]
D:\Aljaž\Documents\SFML Type Shit\RoguelikeGame\RoguelikeGame\MainMenuState.cpp(62,96): warning C4244: 'argument': conversion from 'T' to 'float', possible loss of data
          with
          [
              T=unsigned int
          ]
D:\Aljaž\Documents\SFML Type Shit\RoguelikeGame\RoguelikeGame\MainMenuState.cpp(62,33): warning C4244: 'argument': conversion from 'T' to 'float', possible loss of data
          with
          [
              T=unsigned int
          ]
D:\Aljaž\Documents\SFML Type Shit\RoguelikeGame\RoguelikeGame\MainMenuState.cpp(69,96): warning C4244: 'argument': conversion from 'T' to 'float', possible loss of data
          with
          [
              T=unsigned int
          ]
D:\Aljaž\Documents\SFML Type Shit\RoguelikeGame\RoguelikeGame\MainMenuState.cpp(69,33): warning C4244: 'argument': conversion from 'T' to 'float', possible loss of data
          with
          [
              T=unsigned int
          ]
D:\Aljaž\Documents\SFML Type Shit\RoguelikeGame\RoguelikeGame\MainMenuState.cpp(142,132): warning C4244: 'argument': conversion from 'unsigned int' to 'T', possible loss of data
          with
          [
              T=float
          ]
D:\Aljaž\Documents\SFML Type Shit\RoguelikeGame\RoguelikeGame\MainMenuState.cpp(142,82): warning C4244: 'argument': conversion from 'unsigned int' to 'T', possible loss of data
          with
          [
              T=float
          ]
  PauseMenu.cpp
  SettingsState.cpp
D:\Aljaž\Documents\SFML Type Shit\RoguelikeGame\RoguelikeGame\SettingsState.cpp(50,90): warning C4244: 'argument': conversion from 'T' to 'float', possible loss of data
          with
          [
              T=unsigned int
          ]
D:\Aljaž\Documents\SFML Type Shit\RoguelikeGame\RoguelikeGame\SettingsState.cpp(57,90): warning C4244: 'argument': conversion from 'T' to 'float', possible loss of data
          with
          [
              T=unsigned int
          ]
D:\Aljaž\Documents\SFML Type Shit\RoguelikeGame\RoguelikeGame\SettingsState.cpp(68,149): warning C4267: 'argument': conversion from 'size_t' to 'unsigned int', possible loss of data
D:\Aljaž\Documents\SFML Type Shit\RoguelikeGame\RoguelikeGame\SettingsState.cpp(68,90): warning C4244: 'argument': conversion from 'double' to 'float', possible loss of data
D:\Aljaž\Documents\SFML Type Shit\RoguelikeGame\RoguelikeGame\SettingsState.cpp(128,133): warning C4244: 'argument': conversion from 'unsigned int' to 'T', possible loss of data
          with
          [
              T=float
          ]
D:\Aljaž\Documents\SFML Type Shit\RoguelikeGame\RoguelikeGame\SettingsState.cpp(128,83): warning C4244: 'argument': conversion from 'unsigned int' to 'T', possible loss of data
          with
          [
              T=float
          ]
  Tile.cpp
  TileMap.cpp
D:\Aljaž\Documents\SFML Type Shit\RoguelikeGame\RoguelikeGame\TileMap.cpp(29,17): warning C4244: '=': conversion from 'unsigned int' to 'T', possible loss of data
          with
          [
              T=float
          ]
D:\Aljaž\Documents\SFML Type Shit\RoguelikeGame\RoguelikeGame\TileMap.cpp(30,17): warning C4244: '=': conversion from 'unsigned int' to 'T', possible loss of data
          with
          [
              T=float
          ]
D:\Aljaž\Documents\SFML Type Shit\RoguelikeGame\RoguelikeGame\TileMap.cpp(34,29): warning C4244: 'argument': conversion from 'T' to 'const unsigned __int64', possible loss of data
          with
          [
              T=float
          ]
D:\Aljaž\Documents\SFML Type Shit\RoguelikeGame\RoguelikeGame\TileMap.cpp(39,34): warning C4244: 'argument': conversion from 'T' to 'const unsigned __int64', possible loss of data
          with
          [
              T=float
          ]
D:\Aljaž\Documents\SFML Type Shit\RoguelikeGame\RoguelikeGame\TileMap.cpp(123,22): warning C4244: '=': conversion from 'T' to 'T', possible loss of data
          with
          [
              T=unsigned int
          ]
          and
          [
              T=float
          ]
D:\Aljaž\Documents\SFML Type Shit\RoguelikeGame\RoguelikeGame\TileMap.cpp(124,22): warning C4244: '=': conversion from 'T' to 'T', possible loss of data
          with
          [
              T=unsigned int
          ]
          and
          [
              T=float
          ]
D:\Aljaž\Documents\SFML Type Shit\RoguelikeGame\RoguelikeGame\TileMap.cpp(130,30): warning C4244: 'argument': conversion from 'T' to 'const unsigned __int64', possible loss of data
          with
          [
              T=float
          ]
D:\Aljaž\Documents\SFML Type Shit\RoguelikeGame\RoguelikeGame\TileMap.cpp(135,35): warning C4244: 'argument': conversion from 'T' to 'const unsigned __int64', possible loss of data
          with
          [
              T=float
          ]
  main.cpp
  Generating code
  114 of 1283 functions ( 8.9%) were compiled, the rest were copied from previous compilation.
    24 functions were new in current compilation
    156 functions had inline decision re-evaluated but remain unchanged
  Finished generating code
  RoguelikeGame.vcxproj -> D:\Aljaž\Documents\SFML Type Shit\RoguelikeGame\x64\Release\RoguelikeGame.exe

Project Performance Summary:
     7111 ms  D:\Aljaž\Documents\SFML Type Shit\RoguelikeGame\RoguelikeGame\RoguelikeGame.vcxproj   1 calls
               7111 ms  Build                                      1 calls

Target Performance Summary:
        0 ms  AfterBuildCompileEvent                     1 calls
        0 ms  _Manifest                                  1 calls
        0 ms  _ALink                                     1 calls
        0 ms  _Link                                      1 calls
        0 ms  AfterLink                                  1 calls
        0 ms  ComputeLinkSwitches                        1 calls
        0 ms  PreLinkEvent                               1 calls
        0 ms  MakeDirsForLink                            1 calls
        0 ms  PrepareResourceNames                       1 calls
        0 ms  CreateCustomManifestResourceNames          1 calls
        0 ms  SplitResourcesByCulture                    1 calls
        0 ms  ComputeCLGeneratedLinkInputs               1 calls
        0 ms  ComputeCLOutputs                           1 calls
        0 ms  ComputeManifestGeneratedLinkerInputs       1 calls
        0 ms  ComputeRCGeneratedLinkInputs               1 calls
        0 ms  ComputeRCOutputs                           1 calls
        0 ms  BeforeLink                                 1 calls
        0 ms  ComputeLegacyManifestEmbedding             1 calls
        0 ms  BuildLinkTraverse                          1 calls
        0 ms  BuildCompile                               1 calls
        0 ms  _BuildCompileAction                        1 calls
        0 ms  _ResourceCompile                           1 calls
        0 ms  AfterResourceCompile                       1 calls
        0 ms  MakeDirsForResourceCompile                 1 calls
        0 ms  RegisterOutput                             1 calls
        0 ms  ResolvedXDCMake                            1 calls
        0 ms  ComputeCLCompileGeneratedXDCFiles          1 calls
        0 ms  MakeDirsForXdcMake                         1 calls
        0 ms  IncrementalClean                           1 calls
        0 ms  AfterBuild                                 1 calls
        0 ms  BuildLink                                  1 calls
        0 ms  _BuildLinkAction                           1 calls
        0 ms  PostBuildEvent                             1 calls
        0 ms  PrepareForRun                              1 calls
        0 ms  CopyFilesToOutputDirectory                 1 calls
        0 ms  _CheckForCompileOutputs                    1 calls
        0 ms  _CopySourceItemsToOutputDirectory          1 calls
        0 ms  _GetCopyToOutputDirectoryItemsFromThisProject   1 calls
        0 ms  _GetCopyToOutputDirectoryItemsFromTransitiveProjectReferences   1 calls
        0 ms  BeforeResourceCompile                      1 calls
        0 ms  GetCopyToOutputDirectoryXamlAppDefs        1 calls
        0 ms  _Deploy                                    1 calls
        0 ms  _Appverifier                               1 calls
        0 ms  CreateSatelliteAssemblies                  1 calls
        0 ms  _GenerateSatelliteAssemblyInputs           1 calls
        0 ms  ContentFilesProjectOutputGroup             1 calls
        0 ms  MakeDirsForFxc                             1 calls
        0 ms  SatelliteDllsProjectOutputGroup            1 calls
        0 ms  _BscMake                                   1 calls
        0 ms  MakeDirsForBscMake                         1 calls
        0 ms  ComputeCLCompileGeneratedSbrFiles          1 calls
        0 ms  _XdcMake                                   1 calls
        0 ms  _PopulateCommonStateForGetCopyToOutputDirectoryItems   1 calls
        0 ms  _ClCompile                                 1 calls
        0 ms  Build                                      1 calls
        0 ms  PreBuildEvent                              1 calls
        0 ms  _PrepareForReferenceResolution             1 calls
        0 ms  ComputeCustomBuildOutput                   1 calls
        0 ms  SelectCustomBuild                          1 calls
        0 ms  _SelectedFiles                             1 calls
        0 ms  AfterClCompile                             1 calls
        0 ms  BeforeBuildGenerateSources                 1 calls
        0 ms  BuildGenerateSourcesTraverse               1 calls
        0 ms  BeforeResolveReferences                    1 calls
        0 ms  ResolveReferences                          1 calls
        0 ms  AfterResolveReferences                     1 calls
        0 ms  ResolveAssemblyReferences                  1 calls
        0 ms  ExpandSDKReferences                        1 calls
        0 ms  ResolveSDKReferences                       1 calls
        0 ms  SetCABuildNativeEnvironmentVariables       1 calls
        0 ms  _CheckWindowsSDKInstalled                  1 calls
        0 ms  SetBuildDefaultEnvironmentVariables        1 calls
        0 ms  GetReferenceAssemblyPaths                  1 calls
        0 ms  _SplitProjectReferencesByFileExistence     1 calls
        0 ms  GetFrameworkPaths                          1 calls
        0 ms  ResolveProjectReferences                   1 calls
        0 ms  PrepareProjectReferences                   1 calls
        0 ms  _Xsd                                       1 calls
        0 ms  MakeDirsForMidl                            1 calls
        0 ms  CopyFileToFolders                          1 calls
        0 ms  ComputeMIDLGeneratedCompileInputs          1 calls
        0 ms  SelectClCompile                            1 calls
        0 ms  SetTelemetryEnvironmentVariables           1 calls
        0 ms  ComputeStdModulesCompileInputs             1 calls
        0 ms  _PrepareForBuild                           1 calls
        0 ms  ComputeReferenceCLInput                    1 calls
        0 ms  GetReferencedVCProjectsInfo                1 calls
        0 ms  FindReferenceAssembliesForReferences       1 calls
        0 ms  ComputeCLInputPDBName                      1 calls
        0 ms  BeforeClCompile                            1 calls
        0 ms  BuildCompileTraverse                       1 calls
        0 ms  BuildGenerateSources                       1 calls
        0 ms  _AddOutputPathToGlobalPropertiesToRemove   1 calls
        0 ms  AfterBuildGenerateSourcesEvent             1 calls
        0 ms  AfterMidl                                  1 calls
        0 ms  AfterBuildGenerateSources                  1 calls
        0 ms  _Midl                                      1 calls
        0 ms  _BuildGenerateSourcesAction                1 calls
        1 ms  CustomBuild                                1 calls
        1 ms  CreateRecipeFile                           1 calls
        1 ms  DoLinkOutputFilesMatch                     1 calls
        1 ms  AssignTargetPaths                          1 calls
        1 ms  _GetProjectReferenceTargetFrameworkProperties   1 calls
        1 ms  ComputeManifestInputsTargets               1 calls
        1 ms  AddExternalIncludDirectoriesToPaths        1 calls
        1 ms  ComputeLinkInputsFromProject               1 calls
        1 ms  GetResolvedWinMD                           1 calls
        1 ms  BuiltProjectOutputGroup                    1 calls
        1 ms  ComputeLinkImportLibraryOutputsForClean    1 calls
        1 ms  MakeDirsForCl                              1 calls
        1 ms  AssignProjectConfiguration                 1 calls
        1 ms  _CleanGetCurrentAndPriorFileWrites         1 calls
        2 ms  _CheckForInvalidConfigurationAndPlatform   1 calls
        2 ms  FinalizeBuildStatus                        1 calls
        3 ms  PrepareForBuild                            1 calls
        3 ms  InitializeBuildStatus                      1 calls
        4 ms  FixupCLCompileOptions                      1 calls
        4 ms  GetCopyToOutputDirectoryItems              1 calls
       10 ms  WarnCompileDuplicatedFilename              1 calls
       31 ms  TlogCleanup                                1 calls
     1455 ms  Link                                       1 calls
     5579 ms  ClCompile                                  1 calls

Task Performance Summary:
        0 ms  Message                                    3 calls
        0 ms  FindUnderPath                              5 calls
        0 ms  ConvertToAbsolutePath                      1 calls
        0 ms  CallTarget                                 2 calls
        0 ms  AssignCulture                              1 calls
        0 ms  AssignTargetPath                           7 calls
        0 ms  Delete                                     2 calls
        0 ms  GetOutOfDateItems                          3 calls
        0 ms  CheckVCToolsetVersion                      1 calls
        0 ms  SetRidAgnosticValueForProjects             1 calls
        0 ms  MSBuild                                    1 calls
        0 ms  SetEnv                                    11 calls
        1 ms  GenerateDesktopDeployRecipe                1 calls
        1 ms  WriteLinesToFile                           1 calls
        1 ms  MakeDir                                   10 calls
        1 ms  AssignProjectConfiguration                 1 calls
        1 ms  ReadLinesFromFile                          2 calls
        1 ms  RemoveDuplicates                           2 calls
        2 ms  Touch                                      2 calls
       31 ms  CleanupStaleTlogItems                      1 calls
     1453 ms  Link                                       1 calls
     5575 ms  CL                                         2 calls
