d:\aljaž\documents\sfml type shit\roguelikegame\roguelikegame\x64\debug\roguelikegame.pch
d:\aljaž\documents\sfml type shit\roguelikegame\roguelikegame\x64\debug\vc143.pdb
d:\aljaž\documents\sfml type shit\roguelikegame\roguelikegame\x64\debug\vc143.idb
d:\aljaž\documents\sfml type shit\roguelikegame\roguelikegame\x64\debug\stdafx.obj
d:\aljaž\documents\sfml type shit\roguelikegame\roguelikegame\x64\debug\tile.obj
d:\aljaž\documents\sfml type shit\roguelikegame\roguelikegame\x64\debug\sword.obj
d:\aljaž\documents\sfml type shit\roguelikegame\roguelikegame\x64\debug\state.obj
d:\aljaž\documents\sfml type shit\roguelikegame\roguelikegame\x64\debug\settingsstate.obj
d:\aljaž\documents\sfml type shit\roguelikegame\roguelikegame\x64\debug\player.obj
d:\aljaž\documents\sfml type shit\roguelikegame\roguelikegame\x64\debug\pausemenu.obj
d:\aljaž\documents\sfml type shit\roguelikegame\roguelikegame\x64\debug\movementcomponent.obj
d:\aljaž\documents\sfml type shit\roguelikegame\roguelikegame\x64\debug\weapon.obj
d:\aljaž\documents\sfml type shit\roguelikegame\roguelikegame\x64\debug\mainmenustate.obj
d:\aljaž\documents\sfml type shit\roguelikegame\roguelikegame\x64\debug\main.obj
d:\aljaž\documents\sfml type shit\roguelikegame\roguelikegame\x64\debug\hitboxcomponent.obj
d:\aljaž\documents\sfml type shit\roguelikegame\roguelikegame\x64\debug\gamestate.obj
d:\aljaž\documents\sfml type shit\roguelikegame\roguelikegame\x64\debug\game.obj
d:\aljaž\documents\sfml type shit\roguelikegame\roguelikegame\x64\debug\entity.obj
d:\aljaž\documents\sfml type shit\roguelikegame\roguelikegame\x64\debug\gui.obj
d:\aljaž\documents\sfml type shit\roguelikegame\roguelikegame\x64\debug\graphicssettings.obj
d:\aljaž\documents\sfml type shit\roguelikegame\roguelikegame\x64\debug\enemyspawner.obj
d:\aljaž\documents\sfml type shit\roguelikegame\roguelikegame\x64\debug\enemy.obj
d:\aljaž\documents\sfml type shit\roguelikegame\roguelikegame\x64\debug\editorstate.obj
d:\aljaž\documents\sfml type shit\roguelikegame\roguelikegame\x64\debug\animationcomponent.obj
d:\aljaž\documents\sfml type shit\roguelikegame\roguelikegame\x64\debug\tilemap.obj
d:\aljaž\documents\sfml type shit\roguelikegame\roguelikegame\x64\debug\endscreenmenu.obj
d:\aljaž\documents\sfml type shit\roguelikegame\x64\debug\roguelikegame.exe
d:\aljaž\documents\sfml type shit\roguelikegame\roguelikegame\x64\debug\roguelikegame.ilk
d:\aljaž\documents\sfml type shit\roguelikegame\x64\debug\roguelikegame.pdb
d:\aljaž\documents\sfml type shit\roguelikegame\roguelikegame\x64\debug\roguelikegame.tlog\cl.command.1.tlog
d:\aljaž\documents\sfml type shit\roguelikegame\roguelikegame\x64\debug\roguelikegame.tlog\cl.items.tlog
d:\aljaž\documents\sfml type shit\roguelikegame\roguelikegame\x64\debug\roguelikegame.tlog\cl.read.1.tlog
d:\aljaž\documents\sfml type shit\roguelikegame\roguelikegame\x64\debug\roguelikegame.tlog\cl.write.1.tlog
d:\aljaž\documents\sfml type shit\roguelikegame\roguelikegame\x64\debug\roguelikegame.tlog\link.command.1.tlog
d:\aljaž\documents\sfml type shit\roguelikegame\roguelikegame\x64\debug\roguelikegame.tlog\link.read.1.tlog
d:\aljaž\documents\sfml type shit\roguelikegame\roguelikegame\x64\debug\roguelikegame.tlog\link.write.1.tlog
